1309
130A
130B
130C
130D
130E
130F
130F
130F
130F
130F
1313
1313
1313
1313
1315
1315
1315
1315
1315
1316
1318
131B
131C
131D
6600
6600
6601
6604
6604
6605
6605
6606
6607
6608
6610
6610
6610
6610
6611
6611
6613
6617
6640
6640
6646
6646
6647
6647
6649
6658
665C
665D
665F
6660
6660
6660
6663
6663
6664
6665
6665
6665
6667
666F
6780
678A
6798
679A
679B
679E
67A0
67A1
67B0
67B0
67B1
67B1
67B9
67DF
67DF
67EF
67EF
67EF
67EF
6800
6801
6808
6809
6810
6810
6811
6811
6818
6819
6820
6820
6820
6821
6821
6821
6822
6823
6825
6827
6828
682B
682B
682C
682D
682F
6835
6837
683D
683F
6900
6900
6900
6900
6900
6901
6907
6907
6920
6920
6921
6929
6929
692B
692F
692F
6938
6938
6938
6939
6939
6939
7300
7300
7300
7300
9830
9831
9832
9833
9834
9835
9836
9837
9838
9839
983D
9850
9850
9850
9850
9851
9851
9851
9851
9851
9851
9852
9853
9853
9853
9853
9853
9853
9853
9854
9854
9854
9854
9854
9855
9855
9855
9856
9856
9856
9856
9856
9856
9856
9874
9874
9874
9874
9874
9874
9874
9874
9874
9874
9874
9874
9874
9874
9874
9874
9874
9874
9874
9874
9874
9874
9874
98E4
98E4
98E4
98E4
98E4
98E4
98E4
98E4
98E4
98E4
98E4
98E4
98E4
98E4